Command line:
   digit_transmitter_isim_beh.exe
     -simmode  gui
     -simrunnum  0
     -socket  51263

Wed Apr 18 23:55:54 2018


 Elaboration Time: 0.0468 sec

 Current Memory Usage: 668.86 Meg

 Total Signals          : 10
 Total Nets             : 179
 Total Signal Drivers   : 6
 Total Blocks           : 2
 Total Primitive Blocks : 2
 Total Processes        : 6
 Total Traceable Variables  : 8
 Total Scalar Nets and Variables : 539
Total Line Count : 27

 Total Simulation Time: 0.1092 sec

 Current Memory Usage: 668.86 Meg

Wed Apr 18 23:56:16 2018

